<?xml version="1.0" encoding="UTF-8"?>
<testsuite xmlns:xsi="http://www.w3.org/2001/XMLSchema-instance" xsi:noNamespaceSchemaLocation="https://maven.apache.org/surefire/maven-surefire-plugin/xsd/surefire-test-report.xsd" version="3.0.2" name="TestSuite" time="18.993" tests="6" errors="0" skipped="0" failures="0">
  <properties>
[...]
</properties>
  <testcase name="runScenario[&quot;Login with various user roles from CSV&quot;, &quot;Data Driven Login via CSV&quot;](1)" classname="com.example.runners.TestRunner" time="12.743">
    <system-out><![CDATA[
@Regression
Scenario: Verify Inventory UI Elements   # src/test/resources/features/Regression.feature:4

@DataDriven
Scenario Outline: Login with various user roles from CSV       # src/test/resources/features/DataDriven.feature:12

@DataDriven
Scenario Outline: Login with various user roles from CSV         # src/test/resources/features/DataDriven.feature:11

@EndToEnd
Scenario: Customer successfully purchases items with strict assertions # src/test/resources/features/EndToEnd.feature:7

@Smoke
Scenario: Verify Login and Footer Elements          # src/test/resources/features/Smoke.feature:4

@DataDriven
Scenario Outline: Login with various user roles from CSV        # src/test/resources/features/DataDriven.feature:13
Initializing Firefox Driver...
Initializing Firefox Driver...
Initializing Firefox Driver...
Initializing Firefox Driver...
Initializing Firefox Driver...
Initializing Firefox Driver...
  Given I am on the login page                                 # com.example.stepdefinitions.LoginSteps.i_am_on_the_login_page()
  Given I am on the login page                                         # com.example.stepdefinitions.LoginSteps.i_am_on_the_login_page()
  When I login using CSV credentials for role "locked"         # com.example.stepdefinitions.LoginSteps.i_login_from_csv(java.lang.String)
  When I login with valid credentials                                  # com.example.stepdefinitions.LoginSteps.i_login_with_valid_credentials()
  Then I should be redirected to the inventory page                    # com.example.stepdefinitions.LoginSteps.i_should_be_redirected()
  And The page title should be "Products"                              # com.example.stepdefinitions.LoginSteps.page_title_should_be(java.lang.String)
  Then I should be logged in or see an error based on "locked" # com.example.stepdefinitions.LoginSteps.verify_login_status(java.lang.String)
  When I add 2 products to the cart                                    # com.example.stepdefinitions.OrderSteps.i_add_products_to_cart(int)
  And I go to the cart                                                 # com.example.stepdefinitions.OrderSteps.i_go_to_cart()
  Given I am on the login page                                  # com.example.stepdefinitions.LoginSteps.i_am_on_the_login_page()
  Then I should see 2 items in the cart                                # com.example.stepdefinitions.OrderSteps.i_should_see_items_in_cart(int)
  When I click checkout                                                # com.example.stepdefinitions.OrderSteps.i_click_checkout()
  Given I am on the login page                                   # com.example.stepdefinitions.LoginSteps.i_am_on_the_login_page()
  And I enter personal details "Jane" "Doe" "90210"                    # com.example.stepdefinitions.OrderSteps.i_enter_details(java.lang.String,java.lang.String,java.lang.String)
  When I login using CSV credentials for role "problem"         # com.example.stepdefinitions.LoginSteps.i_login_from_csv(java.lang.String)
  And I click continue                                                 # com.example.stepdefinitions.OrderSteps.i_click_continue()
  Then I should see the checkout summary                               # com.example.stepdefinitions.OrderSteps.i_see_checkout_summary()
  Then I should be logged in or see an error based on "problem" # com.example.stepdefinitions.LoginSteps.verify_login_status(java.lang.String)
  When I click finish                                                  # com.example.stepdefinitions.OrderSteps.i_click_finish()
  Then I should see the order confirmation "Thank you for your order!" # com.example.stepdefinitions.OrderSteps.i_should_see_confirmation(java.lang.String)
  And The URL should contain "checkout-complete"                       # com.example.stepdefinitions.OrderSteps.url_should_contain(java.lang.String)
  Given I am on the login page                      # com.example.stepdefinitions.LoginSteps.i_am_on_the_login_page()
  When I login using CSV credentials for role "standard"         # com.example.stepdefinitions.LoginSteps.i_login_from_csv(java.lang.String)
  Then I should be logged in or see an error based on "standard" # com.example.stepdefinitions.LoginSteps.verify_login_status(java.lang.String)
  Given I am on the login page           # com.example.stepdefinitions.LoginSteps.i_am_on_the_login_page()
  When I login with valid credentials               # com.example.stepdefinitions.LoginSteps.i_login_with_valid_credentials()
  Then I should be redirected to the inventory page # com.example.stepdefinitions.LoginSteps.i_should_be_redirected()
  And I should see the "Twitter" social link        # com.example.stepdefinitions.LoginSteps.verify_social_link(java.lang.String)
  When I login with valid credentials    # com.example.stepdefinitions.LoginSteps.i_login_with_valid_credentials()
  And I should see the "Facebook" social link       # com.example.stepdefinitions.LoginSteps.verify_social_link(java.lang.String)
  Then I should see the product list     # com.example.stepdefinitions.LoginSteps.i_should_see_product_list()
]]></system-out>
    <system-err><![CDATA[SLF4J: Failed to load class "org.slf4j.impl.StaticLoggerBinder".
SLF4J: Defaulting to no-operation (NOP) logger implementation
SLF4J: See http://www.slf4j.org/codes.html#StaticLoggerBinder for further details.
]]></system-err>
  </testcase>
  <testcase name="runScenario[&quot;Customer successfully purchases items with strict assertions&quot;, &quot;E2E Order Flow&quot;](2)" classname="com.example.runners.TestRunner" time="12.83"/>
  <testcase name="runScenario[&quot;Login with various user roles from CSV&quot;, &quot;Data Driven Login via CSV&quot;](3)" classname="com.example.runners.TestRunner" time="13.404"/>
  <testcase name="runScenario[&quot;Login with various user roles from CSV&quot;, &quot;Data Driven Login via CSV&quot;](4)" classname="com.example.runners.TestRunner" time="13.561"/>
  <testcase name="runScenario[&quot;Verify Login and Footer Elements&quot;, &quot;Smoke Test - Critical Components&quot;](5)" classname="com.example.runners.TestRunner" time="13.611"/>
  <testcase name="runScenario[&quot;Verify Inventory UI Elements&quot;, &quot;Regression Tests&quot;](6)" classname="com.example.runners.TestRunner" time="18.006">
    <system-out><![CDATA[  And The cart badge should be empty     # com.example.stepdefinitions.LoginSteps.cart_badge_empty()
  When I add 1 products to the cart      # com.example.stepdefinitions.OrderSteps.i_add_products_to_cart(int)
  Then The cart badge should display "1" # com.example.stepdefinitions.LoginSteps.cart_badge_display(java.lang.String)
]]></system-out>
  </testcase>
</testsuite>