<?xml version="1.0" encoding="UTF-8"?>
<!-- Generated by org.testng.reporters.JUnitReportReporter -->
<testsuite hostname="TM3265" failures="0" tests="6" name="com.example.runners.TestRunner" time="84.156" errors="0" timestamp="2025-12-07T01:42:12 AEST" skipped="0">
  <testcase classname="com.example.runners.TestRunner" name="runScenario" time="18.007"/>
  <testcase classname="com.example.runners.TestRunner" name="runScenario" time="12.831"/>
  <testcase classname="com.example.runners.TestRunner" name="runScenario" time="13.562"/>
  <testcase classname="com.example.runners.TestRunner" name="runScenario" time="12.741"/>
  <testcase classname="com.example.runners.TestRunner" name="runScenario" time="13.611"/>
  <testcase classname="com.example.runners.TestRunner" name="runScenario" time="13.404"/>
</testsuite> <!-- com.example.runners.TestRunner -->
